{"name": "test_get_user_profile", "status": "failed", "statusDetails": {"message": "AssertionError: assert 'alice' == 'testuser'\n  \n  - testuser\n  + alice", "trace": "def test_get_user_profile():\n        token = AuthUtil.get_token()\n        print(f\"ðŸŽ¯ å½“å‰æµ‹è¯•ç”¨çš„ token æ˜¯: {token}\")\n    \n        url = \"http://127.0.0.1:5000/user/profile\"\n        resp = RequestUtil().get(url)\n        print(\"ã€å®Œæ•´å“åº”ä¿¡æ¯ã€‘\")\n        print(\"çŠ¶æ€ç ï¼š\", resp.status_code)\n        print(\"å¤´ä¿¡æ¯ï¼š\", resp.headers)\n        print(\"å“åº”ä½“ï¼ˆtextï¼‰ï¼š\", resp.text)\n        print(\"å“åº”ä½“ï¼ˆjsonï¼‰ï¼š\", resp.json())\n        print(\"è¯·æ±‚URLï¼š\", resp.url)\n    \n        assert resp.status_code == 200\n        data = resp.json()\n>       assert data[\"username\"] == \"testuser\"\nE       AssertionError: assert 'alice' == 'testuser'\nE         \nE         - testuser\nE         + alice\n\ntests\\test_user_profile.py:19: AssertionError"}, "attachments": [{"name": "stdout", "source": "ae353373-aa2f-44b2-a755-c72f2d39f094-attachment.txt", "type": "text/plain"}], "start": 1750067254043, "stop": 1750067254047, "uuid": "d2397c1c-cfaa-4514-858c-e68bad7407a3", "historyId": "21c5131413fe34c8d7d61ac3e0c98249", "testCaseId": "21c5131413fe34c8d7d61ac3e0c98249", "fullName": "tests.test_user_profile#test_get_user_profile", "labels": [{"name": "parentSuite", "value": "tests"}, {"name": "suite", "value": "test_user_profile"}, {"name": "host", "value": "ISS"}, {"name": "thread", "value": "16164-MainThread"}, {"name": "framework", "value": "pytest"}, {"name": "language", "value": "cpython3"}, {"name": "package", "value": "tests.test_user_profile"}]}